<?xml version="1.0" encoding="UTF-8"?>
<testsuite xmlns:xsi="http://www.w3.org/2001/XMLSchema-instance" xsi:noNamespaceSchemaLocation="https://maven.apache.org/surefire/maven-surefire-plugin/xsd/surefire-test-report.xsd" name="guru.springframework.sfgpetclinic.controllers.PetControllerTest" time="0.362" tests="7" errors="0" skipped="0" failures="0">
  <properties>
[...]
</properties>
  <testcase name="processUpdateForm" classname="guru.springframework.sfgpetclinic.controllers.PetControllerTest" time="0.109"/>
  <testcase name="findOwner" classname="guru.springframework.sfgpetclinic.controllers.PetControllerTest" time="0.024"/>
  <testcase name="initUpdateForm" classname="guru.springframework.sfgpetclinic.controllers.PetControllerTest" time="0.044"/>
  <testcase name="processCreationForm" classname="guru.springframework.sfgpetclinic.controllers.PetControllerTest" time="0.049"/>
  <testcase name="initCreationForm" classname="guru.springframework.sfgpetclinic.controllers.PetControllerTest" time="0.065"/>
  <testcase name="initOwnerBinder" classname="guru.springframework.sfgpetclinic.controllers.PetControllerTest" time="0.05"/>
  <testcase name="populatePetTypes" classname="guru.springframework.sfgpetclinic.controllers.PetControllerTest" time="0.02"/>
</testsuite>